<?xml version="1.0" encoding="UTF-8"?>
<!-- Generated by org.testng.reporters.JUnitXMLReporter -->
<testsuite hostname="Shree" ignored="0" name="Test1" tests="4" failures="0" timestamp="2019-04-25T21:59:17 IST" time="0.073" errors="0">
  <testcase name="test1" time="0.011" classname="Demo.TestNGGroupsDemo"/>
  <testcase name="test2" time="0.002" classname="Demo.TestNGGroupsDemo"/>
  <testcase name="test3" time="0.003" classname="Demo.TestNGGroupsDemo"/>
  <testcase name="test4" time="0.002" classname="Demo.TestNGGroupsDemo"/>
</testsuite> <!-- Test1 -->
