<?xml version="1.0" encoding="UTF-8"?>
<testng-results skipped="0" failed="0" total="1" passed="1">
  <reporter-output>
  </reporter-output>
  <suite name="Default suite" duration-ms="2809" started-at="2019-05-07T15:12:36Z" finished-at="2019-05-07T15:12:39Z">
    <groups>
    </groups>
    <test name="Default test" duration-ms="2809" started-at="2019-05-07T15:12:36Z" finished-at="2019-05-07T15:12:39Z">
      <class name="test.extentReportDemoWithTestNG">
        <test-method status="PASS" signature="setUp()[pri:0, instance:test.extentReportDemoWithTestNG@7a79be86]" name="setUp" is-config="true" duration-ms="4321" started-at="2019-05-07T20:42:32Z" finished-at="2019-05-07T20:42:36Z">
          <reporter-output>
          </reporter-output>
        </test-method> <!-- setUp -->
        <test-method status="PASS" signature="test()[pri:0, instance:test.extentReportDemoWithTestNG@7a79be86]" name="test" duration-ms="2268" started-at="2019-05-07T20:42:36Z" finished-at="2019-05-07T20:42:38Z">
          <reporter-output>
          </reporter-output>
        </test-method> <!-- test -->
        <test-method status="PASS" signature="tearDown()[pri:0, instance:test.extentReportDemoWithTestNG@7a79be86]" name="tearDown" is-config="true" duration-ms="526" started-at="2019-05-07T20:42:38Z" finished-at="2019-05-07T20:42:39Z">
          <reporter-output>
          </reporter-output>
        </test-method> <!-- tearDown -->
      </class> <!-- test.extentReportDemoWithTestNG -->
    </test> <!-- Default test -->
  </suite> <!-- Default suite -->
</testng-results>
